2022-10-29 20:06:20,238 WARNING  Not Found: /post/100000/
2022-10-29 20:07:53,763 WARNING  Not Found: /post/100000/
2022-10-29 20:08:08,388 WARNING  Not Found: /post/100000/
2022-10-29 20:11:34,662 WARNING  Not Found: /post/100000/
2022-10-29 20:12:19,150 WARNING  Not Found: /post/100000/
2022-10-29 20:12:34,216 WARNING  Not Found: /post/100000/
2022-10-29 20:17:07,351 INFO     Watching for file changes with StatReloader
2022-10-29 20:19:58,175 WARNING  Not Found: /post/100000/
2022-10-29 20:21:20,651 WARNING  Not Found: /post/100000/
2022-10-29 20:22:01,565 WARNING  Not Found: /post/100000/
2022-10-29 20:24:10,134 WARNING  Not Found: /post/100000/
2022-10-29 20:24:23,867 WARNING  Not Found: /post/100000/
2022-10-29 20:24:47,637 WARNING  Not Found: /post/100000/
2022-10-29 20:25:25,224 WARNING  Not Found: /post/100000/
2022-10-29 20:26:17,056 WARNING  Not Found: /post/100000/
2022-10-29 20:26:44,229 WARNING  Not Found: /post/100000/
2022-10-29 20:28:13,535 WARNING  Not Found: /post/100000/
2022-10-29 20:28:49,827 WARNING  Not Found: /post/100000/
2022-10-29 20:29:34,442 WARNING  Not Found: /post/100000/
2022-10-29 20:30:37,453 WARNING  Not Found: /post/100000/
2022-10-29 20:36:27,276 WARNING  Not Found: /post/100000/
2022-10-29 20:37:43,739 WARNING  Not Found: /post/100000/
2022-10-29 20:38:06,476 WARNING  Not Found: /post/100000/
2022-10-29 20:38:25,498 WARNING  Not Found: /post/100000/
2022-10-29 20:38:55,047 WARNING  Not Found: /post/100000/
2022-10-29 20:39:21,244 WARNING  Not Found: /post/100000/
2022-10-29 20:39:54,564 WARNING  Not Found: /post/100000/
2022-10-30 18:43:56,822 WARNING  Not Found: /post/100000/
2022-10-30 18:44:24,784 WARNING  Not Found: /post/100000/
2022-10-30 19:28:40,999 INFO     Watching for file changes with StatReloader
2022-10-30 19:28:56,129 WARNING  Not Found: /post
2022-10-30 19:29:03,097 WARNING  Not Found: /accounts
2022-10-30 19:31:17,544 WARNING  Not Found: /accounts
2022-10-30 19:31:18,658 WARNING  Not Found: /accounts
2022-10-30 19:31:19,337 WARNING  Not Found: /accounts
2022-10-30 19:31:19,555 WARNING  Not Found: /accounts
2022-10-30 19:31:54,813 INFO     C:\Users\mails\Code\books\beginners\blog\config\settings.py changed, reloading.
2022-10-30 19:31:55,306 INFO     Watching for file changes with StatReloader
2022-10-30 19:31:56,649 INFO     C:\Users\mails\Code\books\beginners\blog\config\settings.py changed, reloading.
2022-10-30 19:31:57,180 INFO     Watching for file changes with StatReloader
2022-10-30 19:32:02,169 WARNING  Not Found: /accounts
2022-10-30 19:42:57,869 INFO     C:\Users\mails\Code\books\beginners\blog\config\settings.py changed, reloading.
2022-10-30 19:42:58,401 INFO     Watching for file changes with StatReloader
2022-10-30 19:42:59,727 INFO     C:\Users\mails\Code\books\beginners\blog\config\settings.py changed, reloading.
2022-10-30 19:43:00,243 INFO     Watching for file changes with StatReloader
2022-10-30 19:43:01,575 INFO     C:\Users\mails\Code\books\beginners\blog\config\settings.py changed, reloading.
2022-10-30 19:43:02,143 INFO     Watching for file changes with StatReloader
2022-10-30 19:53:23,009 INFO     Watching for file changes with StatReloader
2022-10-30 19:53:23,400 ERROR    Internal Server Error: /accounts/signup/
Traceback (most recent call last):
  File "C:\Users\mails\AppData\Local\Packages\PythonSoftwareFoundation.Python.3.10_qbz5n2kfra8p0\LocalCache\local-packages\Python310\site-packages\django\core\handlers\exception.py", line 55, in inner
    response = get_response(request)
  File "C:\Users\mails\AppData\Local\Packages\PythonSoftwareFoundation.Python.3.10_qbz5n2kfra8p0\LocalCache\local-packages\Python310\site-packages\django\core\handlers\base.py", line 220, in _get_response
    response = response.render()
  File "C:\Users\mails\AppData\Local\Packages\PythonSoftwareFoundation.Python.3.10_qbz5n2kfra8p0\LocalCache\local-packages\Python310\site-packages\django\template\response.py", line 114, in render
    self.content = self.rendered_content
  File "C:\Users\mails\AppData\Local\Packages\PythonSoftwareFoundation.Python.3.10_qbz5n2kfra8p0\LocalCache\local-packages\Python310\site-packages\django\template\response.py", line 90, in rendered_content
    template = self.resolve_template(self.template_name)
  File "C:\Users\mails\AppData\Local\Packages\PythonSoftwareFoundation.Python.3.10_qbz5n2kfra8p0\LocalCache\local-packages\Python310\site-packages\django\template\response.py", line 72, in resolve_template
    return select_template(template, using=self.using)
  File "C:\Users\mails\AppData\Local\Packages\PythonSoftwareFoundation.Python.3.10_qbz5n2kfra8p0\LocalCache\local-packages\Python310\site-packages\django\template\loader.py", line 47, in select_template
    raise TemplateDoesNotExist(", ".join(template_name_list), chain=chain)
django.template.exceptions.TemplateDoesNotExist: registration/signup.html
